<?xml version="1.0" encoding="UTF-8"?>
<testng-results ignored="0" total="1" passed="1" failed="0" skipped="0">
  <reporter-output>
  </reporter-output>
  <suite started-at="2023-11-15T22:31:35 PST" name="Default suite" finished-at="2023-11-15T22:31:46 PST" duration-ms="10860">
    <groups>
    </groups>
    <test started-at="2023-11-15T22:31:35 PST" name="Default test" finished-at="2023-11-15T22:31:46 PST" duration-ms="10860">
      <class name="functionalTests.TruckTests">
        <test-method is-config="true" signature="setup()[pri:0, instance:functionalTests.TruckTests@196a42c3]" started-at="2023-11-15T22:31:35 PST" name="setup" finished-at="2023-11-15T22:31:43 PST" duration-ms="7617" status="PASS">
          <reporter-output>
          </reporter-output>
        </test-method> <!-- setup -->
        <test-method signature="verify_EnginePerformance_BoundaryValues()[pri:0, instance:functionalTests.TruckTests@196a42c3]" started-at="2023-11-15T22:31:43 PST" name="verify_EnginePerformance_BoundaryValues" finished-at="2023-11-15T22:31:44 PST" duration-ms="1795" status="PASS">
          <reporter-output>
          </reporter-output>
        </test-method> <!-- verify_EnginePerformance_BoundaryValues -->
        <test-method is-config="true" signature="cleanup()[pri:0, instance:functionalTests.TruckTests@196a42c3]" started-at="2023-11-15T22:31:44 PST" name="cleanup" finished-at="2023-11-15T22:31:46 PST" duration-ms="1332" status="PASS">
          <reporter-output>
          </reporter-output>
        </test-method> <!-- cleanup -->
      </class> <!-- functionalTests.TruckTests -->
    </test> <!-- Default test -->
  </suite> <!-- Default suite -->
</testng-results>
